{
    "stats": {
      "suites": 3,
      "tests": 34,
      "passes": 34,
      "pending": 0,
      "failures": 0,
      "start": "2020-07-27T13:12:49.566Z",
      "end": "2020-07-27T13:12:49.566Z",
      "duration": 140627,
      "testsRegistered": 34,
      "passPercent": 100,
      "pendingPercent": 0,
      "other": 0,
      "hasOther": false,
      "skipped": 0,
      "hasSkipped": false
    },
    "results": [
      {
        "uuid": "05e24a83-de36-48a7-aa9f-6b342297ed26",
        "title": "",
        "fullFile": "cypress\\integration\\examples\\Maried.spec.js",
        "file": "cypress\\integration\\examples\\Maried.spec.js",
        "beforeHooks": [],
        "afterHooks": [],
        "tests": [],
        "suites": [
          {
            "uuid": "5972da7f-97e6-491f-99c7-afc1a595b251",
            "title": "Maried credit tests",
            "fullFile": "",
            "file": "",
            "beforeHooks": [],
            "afterHooks": [],
            "tests": [
              {
                "title": "page d'accueil",
                "fullTitle": "Maried credit tests page d'accueil",
                "timedOut": null,
                "duration": 8543,
                "state": "passed",
                "speed": "slow",
                "pass": true,
                "fail": false,
                "pending": false,
                "context": null,
                "code": "cy.choix_user(marier.projet);\ncy.buttonClick('CONTINUER');",
                "err": {},
                "uuid": "58ec82b6-ca30-4df6-ae93-02521b21ca78",
                "parentUUID": "5972da7f-97e6-491f-99c7-afc1a595b251",
                "isHook": false,
                "skipped": false
              },
              {
                "title": "Email",
                "fullTitle": "Maried credit tests Email",
                "timedOut": null,
                "duration": 11597,
                "state": "passed",
                "speed": "slow",
                "pass": true,
                "fail": false,
                "pending": false,
                "context": null,
                "code": "cy.urlWebSite('/email');\ncy.pageTitle('Younited Credit');\ncy.wait(3000);\ncy.emailUser(marier.identity);\ncy.get('div').should('have.class', 'wrapper-input input-wrapper--valid');\ncy.buttonClick('Voir mon offre personnalis├®e');",
                "err": {},
                "uuid": "35e05721-6516-4276-9ed4-a1e886c76dbd",
                "parentUUID": "5972da7f-97e6-491f-99c7-afc1a595b251",
                "isHook": false,
                "skipped": false
              },
              {
                "title": "Situation familiale",
                "fullTitle": "Maried credit tests Situation familiale",
                "timedOut": null,
                "duration": 1311,
                "state": "passed",
                "speed": "slow",
                "pass": true,
                "fail": false,
                "pending": false,
                "context": null,
                "code": "cy.urlWebSite('/familysituation');\ncy.pageTitle('Younited Credit');\ncy.situation_familiale_user(marier.identity);\ncy.get('[type=\"checkbox\"]').uncheck({\n  force: true\n});\ncy.buttonClick('Suite');",
                "err": {},
                "uuid": "2e0aa6fa-61e9-42f4-9f05-8c02c839b83c",
                "parentUUID": "5972da7f-97e6-491f-99c7-afc1a595b251",
                "isHook": false,
                "skipped": false
              },
              {
                "title": "logement",
                "fullTitle": "Maried credit tests logement",
                "timedOut": null,
                "duration": 1423,
                "state": "passed",
                "speed": "slow",
                "pass": true,
                "fail": false,
                "pending": false,
                "context": null,
                "code": "cy.urlWebSite('/housing');\ncy.pageTitle('Younited Credit');\ncy.situation_user(marier.logement);\ncy.get('[type=\"checkbox\"]').uncheck({\n  force: true\n});\ncy.buttonClick('Suite');",
                "err": {},
                "uuid": "7cdbeda1-2912-4b73-859c-abef983b2ebf",
                "parentUUID": "5972da7f-97e6-491f-99c7-afc1a595b251",
                "isHook": false,
                "skipped": false
              },
              {
                "title": "Situation profetionnelle",
                "fullTitle": "Maried credit tests Situation profetionnelle",
                "timedOut": null,
                "duration": 2010,
                "state": "passed",
                "speed": "slow",
                "pass": true,
                "fail": false,
                "pending": false,
                "context": null,
                "code": "cy.urlWebSite('/professionalsituation');\ncy.pageTitle('Younited Credit');\ncy.activityCeliba(marier.activityStatus, marier.activity);\ncy.get('#ISCOMPANYBANKRUPT_FALSE').check({\n  force: true\n}).should('be.checked');\ncy.buttonClick('Suite');",
                "err": {},
                "uuid": "249fab32-dc6a-4bf2-b013-70489df95854",
                "parentUUID": "5972da7f-97e6-491f-99c7-afc1a595b251",
                "isHook": false,
                "skipped": false
              },
              {
                "title": "secteur d'activit├® du partenaire",
                "fullTitle": "Maried credit tests secteur d'activit├® du partenaire",
                "timedOut": null,
                "duration": 1669,
                "state": "passed",
                "speed": "slow",
                "pass": true,
                "fail": false,
                "pending": false,
                "context": null,
                "code": "cy.urlWebSite('/partnerprofession');\ncy.pageTitle('Younited Credit');\ncy.activite_conjoint_user(marier.activityStatus_partenaire, marier.activity_partenaire);\ncy.buttonClick('Suite');",
                "err": {},
                "uuid": "8f113718-5435-4a6e-af08-f7485ae86bd6",
                "parentUUID": "5972da7f-97e6-491f-99c7-afc1a595b251",
                "isHook": false,
                "skipped": false
              },
              {
                "title": "Revenu",
                "fullTitle": "Maried credit tests Revenu",
                "timedOut": null,
                "duration": 1665,
                "state": "passed",
                "speed": "slow",
                "pass": true,
                "fail": false,
                "pending": false,
                "context": null,
                "code": "cy.urlWebSite('/incomes');\ncy.pageTitle('Younited Credit');\ncy.revenu_user(marier.mariedStatus, marier.activity, marier.logement, marier.activity_partenaire);\ncy.buttonClick('Suite');",
                "err": {},
                "uuid": "dbc7e814-e64c-44ea-a219-96d0ad76c20b",
                "parentUUID": "5972da7f-97e6-491f-99c7-afc1a595b251",
                "isHook": false,
                "skipped": false
              },
              {
                "title": "loyer",
                "fullTitle": "Maried credit tests loyer",
                "timedOut": null,
                "duration": 4694,
                "state": "passed",
                "speed": "slow",
                "pass": true,
                "fail": false,
                "pending": false,
                "context": null,
                "code": "cy.urlWebSite('/outcomes');\ncy.pageTitle('Younited Credit');\ncy.wait(3000);\ncy.loyer_User(marier.situation_logement, marier.logement);\ncy.buttonClick('Suite');",
                "err": {},
                "uuid": "ae62040d-8aed-47aa-96aa-175dd9e447f9",
                "parentUUID": "5972da7f-97e6-491f-99c7-afc1a595b251",
                "isHook": false,
                "skipped": false
              },
              {
                "title": "Banque maried",
                "fullTitle": "Maried credit tests Banque maried",
                "timedOut": null,
                "duration": 1246,
                "state": "passed",
                "speed": "slow",
                "pass": true,
                "fail": false,
                "pending": false,
                "context": null,
                "code": "cy.urlWebSite('/bank');\ncy.pageTitle('Younited Credit');\ncy.banque_user(marier.banque);\ncy.buttonClick('Suite');",
                "err": {},
                "uuid": "9fa352a8-ec00-4ba7-8840-102b45174d75",
                "parentUUID": "5972da7f-97e6-491f-99c7-afc1a595b251",
                "isHook": false,
                "skipped": false
              },
              {
                "title": "Identit├® user",
                "fullTitle": "Maried credit tests Identit├® user",
                "timedOut": null,
                "duration": 3510,
                "state": "passed",
                "speed": "slow",
                "pass": true,
                "fail": false,
                "pending": false,
                "context": null,
                "code": "cy.urlWebSite('/identity');\ncy.pageTitle('Younited Credit');\ncy.identity_User_Celib(marier.identity);\ncy.buttonClick('Suite');",
                "err": {},
                "uuid": "1a41bc08-7572-4b88-88fd-c30e82002c3a",
                "parentUUID": "5972da7f-97e6-491f-99c7-afc1a595b251",
                "isHook": false,
                "skipped": false
              },
              {
                "title": "identity du partenaire",
                "fullTitle": "Maried credit tests identity du partenaire",
                "timedOut": null,
                "duration": 3171,
                "state": "passed",
                "speed": "slow",
                "pass": true,
                "fail": false,
                "pending": false,
                "context": null,
                "code": "cy.urlWebSite('/partneridentity');\ncy.pageTitle('Younited Credit');\ncy.identity_Partner(marier.partnerStatus, marier.identity_partenaire);\ncy.buttonClick('Suite');",
                "err": {},
                "uuid": "eee8731f-8645-4dd2-9ff8-54cc38456417",
                "parentUUID": "5972da7f-97e6-491f-99c7-afc1a595b251",
                "isHook": false,
                "skipped": false
              },
              {
                "title": "Contact",
                "fullTitle": "Maried credit tests Contact",
                "timedOut": null,
                "duration": 3057,
                "state": "passed",
                "speed": "slow",
                "pass": true,
                "fail": false,
                "pending": false,
                "context": null,
                "code": "cy.urlWebSite('/contact');\ncy.pageTitle('Younited Credit');\ncy.contact(marier.identity);\ncy.buttonClick('Suite');",
                "err": {},
                "uuid": "0801c4f5-a85c-4bea-915d-5ac1ee0088fa",
                "parentUUID": "5972da7f-97e6-491f-99c7-afc1a595b251",
                "isHook": false,
                "skipped": false
              }
            ],
            "suites": [],
            "passes": [
              "58ec82b6-ca30-4df6-ae93-02521b21ca78",
              "35e05721-6516-4276-9ed4-a1e886c76dbd",
              "2e0aa6fa-61e9-42f4-9f05-8c02c839b83c",
              "7cdbeda1-2912-4b73-859c-abef983b2ebf",
              "249fab32-dc6a-4bf2-b013-70489df95854",
              "8f113718-5435-4a6e-af08-f7485ae86bd6",
              "dbc7e814-e64c-44ea-a219-96d0ad76c20b",
              "ae62040d-8aed-47aa-96aa-175dd9e447f9",
              "9fa352a8-ec00-4ba7-8840-102b45174d75",
              "1a41bc08-7572-4b88-88fd-c30e82002c3a",
              "eee8731f-8645-4dd2-9ff8-54cc38456417",
              "0801c4f5-a85c-4bea-915d-5ac1ee0088fa"
            ],
            "failures": [],
            "pending": [],
            "skipped": [],
            "duration": 43896,
            "root": false,
            "rootEmpty": false,
            "_timeout": 2000
          }
        ],
        "passes": [],
        "failures": [],
        "pending": [],
        "skipped": [],
        "duration": 0,
        "root": true,
        "rootEmpty": true,
        "_timeout": 2000
      },
      {
        "uuid": "c2d80f88-7546-4669-93e7-9c0688d29294",
        "title": "",
        "fullFile": "cypress\\integration\\examples\\Pacs.spec.js",
        "file": "cypress\\integration\\examples\\Pacs.spec.js",
        "beforeHooks": [],
        "afterHooks": [],
        "tests": [],
        "suites": [
          {
            "uuid": "ebdaee5e-0966-4c3e-a1e7-e7282683900e",
            "title": "Pacs credit tests",
            "fullFile": "",
            "file": "",
            "beforeHooks": [],
            "afterHooks": [],
            "tests": [
              {
                "title": "page d'accueil",
                "fullTitle": "Pacs credit tests page d'accueil",
                "timedOut": null,
                "duration": 8733,
                "state": "passed",
                "speed": "slow",
                "pass": true,
                "fail": false,
                "pending": false,
                "context": null,
                "code": "cy.choix_user(profile.projet);\ncy.buttonClick('CONTINUER');",
                "err": {},
                "uuid": "d1aafe2d-ff60-4d8a-8d98-83be9d143d76",
                "parentUUID": "ebdaee5e-0966-4c3e-a1e7-e7282683900e",
                "isHook": false,
                "skipped": false
              },
              {
                "title": "Email",
                "fullTitle": "Pacs credit tests Email",
                "timedOut": null,
                "duration": 12743,
                "state": "passed",
                "speed": "slow",
                "pass": true,
                "fail": false,
                "pending": false,
                "context": null,
                "code": "cy.urlWebSite('/email');\ncy.pageTitle('Younited Credit');\ncy.wait(3000);\ncy.emailUser(profile.identity);\ncy.get('div ').should('have.class', 'wrapper-input input-wrapper--valid');\ncy.buttonClick('Voir mon offre personnalis├®e');",
                "err": {},
                "uuid": "e12a6fa7-a098-4188-9db1-ff97299265f8",
                "parentUUID": "ebdaee5e-0966-4c3e-a1e7-e7282683900e",
                "isHook": false,
                "skipped": false
              },
              {
                "title": "Situation familiale",
                "fullTitle": "Pacs credit tests Situation familiale",
                "timedOut": null,
                "duration": 1300,
                "state": "passed",
                "speed": "slow",
                "pass": true,
                "fail": false,
                "pending": false,
                "context": null,
                "code": "cy.urlWebSite('/familysituation');\ncy.pageTitle('Younited Credit');\ncy.situation_familiale_user(profile.identity);\ncy.get('[type=\"checkbox\"]').uncheck({\n  force: true\n});\ncy.buttonClick('Suite');",
                "err": {},
                "uuid": "fcfd74a4-e560-4131-b372-39e649d2a1ce",
                "parentUUID": "ebdaee5e-0966-4c3e-a1e7-e7282683900e",
                "isHook": false,
                "skipped": false
              },
              {
                "title": "logement",
                "fullTitle": "Pacs credit tests logement",
                "timedOut": null,
                "duration": 1714,
                "state": "passed",
                "speed": "slow",
                "pass": true,
                "fail": false,
                "pending": false,
                "context": null,
                "code": "cy.urlWebSite('/housing');\ncy.pageTitle('Younited Credit');\ncy.situation_user(profile.logement);\ncy.get('[type=\"checkbox\"]').uncheck({\n  force: true\n});\ncy.buttonClick('Suite');",
                "err": {},
                "uuid": "e10fe6d5-20fc-4987-b178-61d78c45759a",
                "parentUUID": "ebdaee5e-0966-4c3e-a1e7-e7282683900e",
                "isHook": false,
                "skipped": false
              },
              {
                "title": "Situation profetionnelle",
                "fullTitle": "Pacs credit tests Situation profetionnelle",
                "timedOut": null,
                "duration": 1842,
                "state": "passed",
                "speed": "slow",
                "pass": true,
                "fail": false,
                "pending": false,
                "context": null,
                "code": "cy.urlWebSite('/professionalsituation');\ncy.pageTitle('Younited Credit');\ncy.activityCeliba(profile.activityStatus, profile.activity);\ncy.get('#ISCOMPANYBANKRUPT_FALSE').check({\n  force: true\n}).should('be.checked');\ncy.buttonClick('Suite');",
                "err": {},
                "uuid": "e55528e1-8244-42a3-97bb-d94f72b7889b",
                "parentUUID": "ebdaee5e-0966-4c3e-a1e7-e7282683900e",
                "isHook": false,
                "skipped": false
              },
              {
                "title": "Partner Activity Sector Test",
                "fullTitle": "Pacs credit tests Partner Activity Sector Test",
                "timedOut": null,
                "duration": 1758,
                "state": "passed",
                "speed": "slow",
                "pass": true,
                "fail": false,
                "pending": false,
                "context": null,
                "code": "cy.urlWebSite('/partnerprofession');\ncy.pageTitle('Younited Credit');\ncy.activite_conjoint_user(profile.activityStatus_partenaire, profile.activity_partenaire);\ncy.buttonClick('Suite');",
                "err": {},
                "uuid": "688a9ad5-4d4e-4037-bf17-b0cfcb606b13",
                "parentUUID": "ebdaee5e-0966-4c3e-a1e7-e7282683900e",
                "isHook": false,
                "skipped": false
              },
              {
                "title": "Revenu",
                "fullTitle": "Pacs credit tests Revenu",
                "timedOut": null,
                "duration": 1938,
                "state": "passed",
                "speed": "slow",
                "pass": true,
                "fail": false,
                "pending": false,
                "context": null,
                "code": "cy.urlWebSite('/incomes');\ncy.pageTitle('Younited Credit');\ncy.revenu_user({\n  \"isMariedOrPaced\": true\n}, profile.activity, profile.logement, profile.activity_partenaire);\ncy.buttonClick('Suite');",
                "err": {},
                "uuid": "2e2b6e52-c773-4b64-a708-3d792fac8e84",
                "parentUUID": "ebdaee5e-0966-4c3e-a1e7-e7282683900e",
                "isHook": false,
                "skipped": false
              },
              {
                "title": "loyer",
                "fullTitle": "Pacs credit tests loyer",
                "timedOut": null,
                "duration": 1944,
                "state": "passed",
                "speed": "slow",
                "pass": true,
                "fail": false,
                "pending": false,
                "context": null,
                "code": "cy.urlWebSite('/outcomes');\ncy.pageTitle('Younited Credit');\ncy.loyer_User(profile.situation_logement, profile.logement);\ncy.buttonClick('Suite');",
                "err": {},
                "uuid": "9afa2f65-7e02-4264-a84d-84d8374397ee",
                "parentUUID": "ebdaee5e-0966-4c3e-a1e7-e7282683900e",
                "isHook": false,
                "skipped": false
              },
              {
                "title": "Banque",
                "fullTitle": "Pacs credit tests Banque",
                "timedOut": null,
                "duration": 1843,
                "state": "passed",
                "speed": "slow",
                "pass": true,
                "fail": false,
                "pending": false,
                "context": null,
                "code": "cy.urlWebSite('/bank');\ncy.pageTitle('Younited Credit');\ncy.banque_user(profile.banque);\ncy.buttonClick('Suite');",
                "err": {},
                "uuid": "6be0ece5-f07c-4eb3-aa42-3aa92dc07408",
                "parentUUID": "ebdaee5e-0966-4c3e-a1e7-e7282683900e",
                "isHook": false,
                "skipped": false
              },
              {
                "title": "Identit├® user",
                "fullTitle": "Pacs credit tests Identit├® user",
                "timedOut": null,
                "duration": 3503,
                "state": "passed",
                "speed": "slow",
                "pass": true,
                "fail": false,
                "pending": false,
                "context": null,
                "code": "cy.urlWebSite('/identity');\ncy.pageTitle('Younited Credit');\ncy.identity_User_Celib(profile.identity);\ncy.buttonClick('Suite');",
                "err": {},
                "uuid": "261a978f-50ce-4b78-98d4-f66251abc17b",
                "parentUUID": "ebdaee5e-0966-4c3e-a1e7-e7282683900e",
                "isHook": false,
                "skipped": false
              },
              {
                "title": "identity du partenaire",
                "fullTitle": "Pacs credit tests identity du partenaire",
                "timedOut": null,
                "duration": 4225,
                "state": "passed",
                "speed": "slow",
                "pass": true,
                "fail": false,
                "pending": false,
                "context": null,
                "code": "cy.urlWebSite('/partneridentity');\ncy.pageTitle('Younited Credit');\ncy.identity_Partner(profile.partnerStatus, profile.identity_partenaire);\ncy.buttonClick('Suite');",
                "err": {},
                "uuid": "6f8d9dbf-e558-40e7-95bf-cb72011ce2b5",
                "parentUUID": "ebdaee5e-0966-4c3e-a1e7-e7282683900e",
                "isHook": false,
                "skipped": false
              },
              {
                "title": "Contact",
                "fullTitle": "Pacs credit tests Contact",
                "timedOut": null,
                "duration": 3085,
                "state": "passed",
                "speed": "slow",
                "pass": true,
                "fail": false,
                "pending": false,
                "context": null,
                "code": "cy.urlWebSite('/contact');\ncy.pageTitle('Younited Credit');\ncy.contact(profile.identity);\ncy.buttonClick('Suite');",
                "err": {},
                "uuid": "1101ada7-c56a-4d31-880c-b06565761031",
                "parentUUID": "ebdaee5e-0966-4c3e-a1e7-e7282683900e",
                "isHook": false,
                "skipped": false
              }
            ],
            "suites": [],
            "passes": [
              "d1aafe2d-ff60-4d8a-8d98-83be9d143d76",
              "e12a6fa7-a098-4188-9db1-ff97299265f8",
              "fcfd74a4-e560-4131-b372-39e649d2a1ce",
              "e10fe6d5-20fc-4987-b178-61d78c45759a",
              "e55528e1-8244-42a3-97bb-d94f72b7889b",
              "688a9ad5-4d4e-4037-bf17-b0cfcb606b13",
              "2e2b6e52-c773-4b64-a708-3d792fac8e84",
              "9afa2f65-7e02-4264-a84d-84d8374397ee",
              "6be0ece5-f07c-4eb3-aa42-3aa92dc07408",
              "261a978f-50ce-4b78-98d4-f66251abc17b",
              "6f8d9dbf-e558-40e7-95bf-cb72011ce2b5",
              "1101ada7-c56a-4d31-880c-b06565761031"
            ],
            "failures": [],
            "pending": [],
            "skipped": [],
            "duration": 44628,
            "root": false,
            "rootEmpty": false,
            "_timeout": 2000
          }
        ],
        "passes": [],
        "failures": [],
        "pending": [],
        "skipped": [],
        "duration": 0,
        "root": true,
        "rootEmpty": true,
        "_timeout": 2000
      },
      {
        "uuid": "eb7e2b80-e08c-42a8-a464-b7bd2cdf43b7",
        "title": "",
        "fullFile": "cypress\\integration\\examples\\Celibataire.spec.js",
        "file": "cypress\\integration\\examples\\Celibataire.spec.js",
        "beforeHooks": [],
        "afterHooks": [],
        "tests": [],
        "suites": [
          {
            "uuid": "788aa61c-d2a3-4fa2-ad8b-07728fc6152e",
            "title": " titre ",
            "fullFile": "",
            "file": "",
            "beforeHooks": [],
            "afterHooks": [],
            "tests": [
              {
                "title": "page d'accueil",
                "fullTitle": " titre  page d'accueil",
                "timedOut": null,
                "duration": 15484,
                "state": "passed",
                "speed": "slow",
                "pass": true,
                "fail": false,
                "pending": false,
                "context": null,
                "code": "cy.choix_user(celib.projet);\ncy.wait(5000);\ncy.buttonClick('CONTINUER');",
                "err": {},
                "uuid": "3a0abcad-9e1f-4b31-b03b-7dcf932de5e0",
                "parentUUID": "788aa61c-d2a3-4fa2-ad8b-07728fc6152e",
                "isHook": false,
                "skipped": false
              },
              {
                "title": "Email",
                "fullTitle": " titre  Email",
                "timedOut": null,
                "duration": 19519,
                "state": "passed",
                "speed": "slow",
                "pass": true,
                "fail": false,
                "pending": false,
                "context": null,
                "code": "cy.urlWebSite('/email');\ncy.pageTitle('Younited Credit');\ncy.wait(3000);\ncy.emailUser(celib.identity);\ncy.get('div').should('have.class', 'wrapper-input input-wrapper--valid');\ncy.wait(5000);\ncy.buttonClick('Voir mon offre personnalis├®e');",
                "err": {},
                "uuid": "1e82d8c5-a203-4c7c-9e42-a4e43fe25f84",
                "parentUUID": "788aa61c-d2a3-4fa2-ad8b-07728fc6152e",
                "isHook": false,
                "skipped": false
              },
              {
                "title": "Situation familiale",
                "fullTitle": " titre  Situation familiale",
                "timedOut": null,
                "duration": 1259,
                "state": "passed",
                "speed": "slow",
                "pass": true,
                "fail": false,
                "pending": false,
                "context": null,
                "code": "cy.urlWebSite('/familysituation');\ncy.pageTitle('Younited Credit');\ncy.situation_familiale_user(celib.identity);\ncy.get('[type=\"checkbox\"]').uncheck({\n  force: true\n});\ncy.buttonClick('Suite');",
                "err": {},
                "uuid": "88b819df-3242-45da-b62c-f6d5df2c0954",
                "parentUUID": "788aa61c-d2a3-4fa2-ad8b-07728fc6152e",
                "isHook": false,
                "skipped": false
              },
              {
                "title": "logement",
                "fullTitle": " titre  logement",
                "timedOut": null,
                "duration": 1836,
                "state": "passed",
                "speed": "slow",
                "pass": true,
                "fail": false,
                "pending": false,
                "context": null,
                "code": "cy.urlWebSite('/housing');\ncy.pageTitle('Younited Credit');\ncy.situation_user(celib.logement);\ncy.get('[type=\"checkbox\"]').uncheck({\n  force: true\n});\ncy.buttonClick('Suite');",
                "err": {},
                "uuid": "628830db-9269-4305-8462-02d013b85745",
                "parentUUID": "788aa61c-d2a3-4fa2-ad8b-07728fc6152e",
                "isHook": false,
                "skipped": false
              },
              {
                "title": "Situation profetionnelle",
                "fullTitle": " titre  Situation profetionnelle",
                "timedOut": null,
                "duration": 1839,
                "state": "passed",
                "speed": "slow",
                "pass": true,
                "fail": false,
                "pending": false,
                "context": null,
                "code": "cy.urlWebSite('/professionalsituation');\ncy.pageTitle('Younited Credit');\ncy.activityCeliba(celib.activityStatus, celib.activity);\ncy.get('#ISCOMPANYBANKRUPT_FALSE').check({\n  force: true\n}).should('be.checked');\ncy.buttonClick('Suite');",
                "err": {},
                "uuid": "876c5e7d-49c5-488d-b4f6-78f31fbdf8e1",
                "parentUUID": "788aa61c-d2a3-4fa2-ad8b-07728fc6152e",
                "isHook": false,
                "skipped": false
              },
              {
                "title": "Revenu",
                "fullTitle": " titre  Revenu",
                "timedOut": null,
                "duration": 1495,
                "state": "passed",
                "speed": "slow",
                "pass": true,
                "fail": false,
                "pending": false,
                "context": null,
                "code": "cy.urlWebSite('/incomes');\ncy.pageTitle('Younited Credit');\ncy.revenu_user(celib.mariedStatus, celib.activity, celib.logement, celib.partnerActivity);\ncy.buttonClick('Suite');",
                "err": {},
                "uuid": "713382b5-0441-499c-945c-644d7f4680fe",
                "parentUUID": "788aa61c-d2a3-4fa2-ad8b-07728fc6152e",
                "isHook": false,
                "skipped": false
              },
              {
                "title": "loyer",
                "fullTitle": " titre  loyer",
                "timedOut": null,
                "duration": 1811,
                "state": "passed",
                "speed": "slow",
                "pass": true,
                "fail": false,
                "pending": false,
                "context": null,
                "code": "cy.urlWebSite('/outcomes');\ncy.pageTitle('Younited Credit');\ncy.loyer_User(celib.situation_logement, celib.logement);\ncy.buttonClick('Suite');",
                "err": {},
                "uuid": "83eedbc1-ef01-4bc4-8508-dfe4d75a9283",
                "parentUUID": "788aa61c-d2a3-4fa2-ad8b-07728fc6152e",
                "isHook": false,
                "skipped": false
              },
              {
                "title": "Banque celibataire",
                "fullTitle": " titre  Banque celibataire",
                "timedOut": null,
                "duration": 1539,
                "state": "passed",
                "speed": "slow",
                "pass": true,
                "fail": false,
                "pending": false,
                "context": null,
                "code": "cy.urlWebSite('/bank');\ncy.pageTitle('Younited Credit');\ncy.banque_user(celib.banque);\ncy.buttonClick('Suite');",
                "err": {},
                "uuid": "41a52f55-3c4d-4bc0-a4ad-24d106cde18b",
                "parentUUID": "788aa61c-d2a3-4fa2-ad8b-07728fc6152e",
                "isHook": false,
                "skipped": false
              },
              {
                "title": "Identit├® user celibataire",
                "fullTitle": " titre  Identit├® user celibataire",
                "timedOut": null,
                "duration": 4280,
                "state": "passed",
                "speed": "slow",
                "pass": true,
                "fail": false,
                "pending": false,
                "context": null,
                "code": "cy.urlWebSite('/identity');\ncy.pageTitle('Younited Credit');\ncy.identity_User_Celib(celib.identity);\ncy.buttonClick('Suite');",
                "err": {},
                "uuid": "06c42b16-da3f-4806-ba82-91ea91233fac",
                "parentUUID": "788aa61c-d2a3-4fa2-ad8b-07728fc6152e",
                "isHook": false,
                "skipped": false
              },
              {
                "title": "Contact",
                "fullTitle": " titre  Contact",
                "timedOut": null,
                "duration": 3041,
                "state": "passed",
                "speed": "slow",
                "pass": true,
                "fail": false,
                "pending": false,
                "context": null,
                "code": "cy.urlWebSite('/contact');\ncy.pageTitle('Younited Credit');\ncy.contact(celib.identity);\ncy.buttonClick('Suite');",
                "err": {},
                "uuid": "517d234b-d9c7-4141-af60-a32e5c7e6933",
                "parentUUID": "788aa61c-d2a3-4fa2-ad8b-07728fc6152e",
                "isHook": false,
                "skipped": false
              }
            ],
            "suites": [],
            "passes": [
              "3a0abcad-9e1f-4b31-b03b-7dcf932de5e0",
              "1e82d8c5-a203-4c7c-9e42-a4e43fe25f84",
              "88b819df-3242-45da-b62c-f6d5df2c0954",
              "628830db-9269-4305-8462-02d013b85745",
              "876c5e7d-49c5-488d-b4f6-78f31fbdf8e1",
              "713382b5-0441-499c-945c-644d7f4680fe",
              "83eedbc1-ef01-4bc4-8508-dfe4d75a9283",
              "41a52f55-3c4d-4bc0-a4ad-24d106cde18b",
              "06c42b16-da3f-4806-ba82-91ea91233fac",
              "517d234b-d9c7-4141-af60-a32e5c7e6933"
            ],
            "failures": [],
            "pending": [],
            "skipped": [],
            "duration": 52103,
            "root": false,
            "rootEmpty": false,
            "_timeout": 2000
          }
        ],
        "passes": [],
        "failures": [],
        "pending": [],
        "skipped": [],
        "duration": 0,
        "root": true,
        "rootEmpty": true,
        "_timeout": 2000
      }
    ],
    "meta": {
      "mocha": {
        "version": "7.0.1"
      },
      "mochawesome": {
        "options": {
          "quiet": false,
          "reportFilename": "mochawesome",
          "saveHtml": false,
          "saveJson": true,
          "consoleReporter": "spec",
          "useInlineDiffs": false,
          "code": true
        },
        "version": "6.1.1"
      },
      "marge": {
        "options": {
          "reportDir": "cypress/results",
          "overwrite": false,
          "html": false,
          "json": true,
          "videos": false
        },
        "version": "5.1.0"
      }
    }
  }
  