{
  "stats": {
    "suites": 1,
    "tests": 12,
    "passes": 12,
    "pending": 0,
    "failures": 0,
    "start": "2020-07-27T13:10:32.731Z",
    "end": "2020-07-27T13:11:19.706Z",
    "duration": 46975,
    "testsRegistered": 12,
    "passPercent": 100,
    "pendingPercent": 0,
    "other": 0,
    "hasOther": false,
    "skipped": 0,
    "hasSkipped": false
  },
  "results": [
    {
      "uuid": "05e24a83-de36-48a7-aa9f-6b342297ed26",
      "title": "",
      "fullFile": "cypress\\integration\\examples\\Maried.spec.js",
      "file": "cypress\\integration\\examples\\Maried.spec.js",
      "beforeHooks": [],
      "afterHooks": [],
      "tests": [],
      "suites": [
        {
          "uuid": "5972da7f-97e6-491f-99c7-afc1a595b251",
          "title": "Maried credit tests",
          "fullFile": "",
          "file": "",
          "beforeHooks": [],
          "afterHooks": [],
          "tests": [
            {
              "title": "page d'accueil",
              "fullTitle": "Maried credit tests page d'accueil",
              "timedOut": null,
              "duration": 8543,
              "state": "passed",
              "speed": "slow",
              "pass": true,
              "fail": false,
              "pending": false,
              "context": null,
              "code": "cy.choix_user(marier.projet);\ncy.buttonClick('CONTINUER');",
              "err": {},
              "uuid": "58ec82b6-ca30-4df6-ae93-02521b21ca78",
              "parentUUID": "5972da7f-97e6-491f-99c7-afc1a595b251",
              "isHook": false,
              "skipped": false
            },
            {
              "title": "Email",
              "fullTitle": "Maried credit tests Email",
              "timedOut": null,
              "duration": 11597,
              "state": "passed",
              "speed": "slow",
              "pass": true,
              "fail": false,
              "pending": false,
              "context": null,
              "code": "cy.urlWebSite('/email');\ncy.pageTitle('Younited Credit');\ncy.wait(3000);\ncy.emailUser(marier.identity);\ncy.get('div').should('have.class', 'wrapper-input input-wrapper--valid');\ncy.buttonClick('Voir mon offre personnalisée');",
              "err": {},
              "uuid": "35e05721-6516-4276-9ed4-a1e886c76dbd",
              "parentUUID": "5972da7f-97e6-491f-99c7-afc1a595b251",
              "isHook": false,
              "skipped": false
            },
            {
              "title": "Situation familiale",
              "fullTitle": "Maried credit tests Situation familiale",
              "timedOut": null,
              "duration": 1311,
              "state": "passed",
              "speed": "slow",
              "pass": true,
              "fail": false,
              "pending": false,
              "context": null,
              "code": "cy.urlWebSite('/familysituation');\ncy.pageTitle('Younited Credit');\ncy.situation_familiale_user(marier.identity);\ncy.get('[type=\"checkbox\"]').uncheck({\n  force: true\n});\ncy.buttonClick('Suite');",
              "err": {},
              "uuid": "2e0aa6fa-61e9-42f4-9f05-8c02c839b83c",
              "parentUUID": "5972da7f-97e6-491f-99c7-afc1a595b251",
              "isHook": false,
              "skipped": false
            },
            {
              "title": "logement",
              "fullTitle": "Maried credit tests logement",
              "timedOut": null,
              "duration": 1423,
              "state": "passed",
              "speed": "slow",
              "pass": true,
              "fail": false,
              "pending": false,
              "context": null,
              "code": "cy.urlWebSite('/housing');\ncy.pageTitle('Younited Credit');\ncy.situation_user(marier.logement);\ncy.get('[type=\"checkbox\"]').uncheck({\n  force: true\n});\ncy.buttonClick('Suite');",
              "err": {},
              "uuid": "7cdbeda1-2912-4b73-859c-abef983b2ebf",
              "parentUUID": "5972da7f-97e6-491f-99c7-afc1a595b251",
              "isHook": false,
              "skipped": false
            },
            {
              "title": "Situation profetionnelle",
              "fullTitle": "Maried credit tests Situation profetionnelle",
              "timedOut": null,
              "duration": 2010,
              "state": "passed",
              "speed": "slow",
              "pass": true,
              "fail": false,
              "pending": false,
              "context": null,
              "code": "cy.urlWebSite('/professionalsituation');\ncy.pageTitle('Younited Credit');\ncy.activityCeliba(marier.activityStatus, marier.activity);\ncy.get('#ISCOMPANYBANKRUPT_FALSE').check({\n  force: true\n}).should('be.checked');\ncy.buttonClick('Suite');",
              "err": {},
              "uuid": "249fab32-dc6a-4bf2-b013-70489df95854",
              "parentUUID": "5972da7f-97e6-491f-99c7-afc1a595b251",
              "isHook": false,
              "skipped": false
            },
            {
              "title": "secteur d'activité du partenaire",
              "fullTitle": "Maried credit tests secteur d'activité du partenaire",
              "timedOut": null,
              "duration": 1669,
              "state": "passed",
              "speed": "slow",
              "pass": true,
              "fail": false,
              "pending": false,
              "context": null,
              "code": "cy.urlWebSite('/partnerprofession');\ncy.pageTitle('Younited Credit');\ncy.activite_conjoint_user(marier.activityStatus_partenaire, marier.activity_partenaire);\ncy.buttonClick('Suite');",
              "err": {},
              "uuid": "8f113718-5435-4a6e-af08-f7485ae86bd6",
              "parentUUID": "5972da7f-97e6-491f-99c7-afc1a595b251",
              "isHook": false,
              "skipped": false
            },
            {
              "title": "Revenu",
              "fullTitle": "Maried credit tests Revenu",
              "timedOut": null,
              "duration": 1665,
              "state": "passed",
              "speed": "slow",
              "pass": true,
              "fail": false,
              "pending": false,
              "context": null,
              "code": "cy.urlWebSite('/incomes');\ncy.pageTitle('Younited Credit');\ncy.revenu_user(marier.mariedStatus, marier.activity, marier.logement, marier.activity_partenaire);\ncy.buttonClick('Suite');",
              "err": {},
              "uuid": "dbc7e814-e64c-44ea-a219-96d0ad76c20b",
              "parentUUID": "5972da7f-97e6-491f-99c7-afc1a595b251",
              "isHook": false,
              "skipped": false
            },
            {
              "title": "loyer",
              "fullTitle": "Maried credit tests loyer",
              "timedOut": null,
              "duration": 4694,
              "state": "passed",
              "speed": "slow",
              "pass": true,
              "fail": false,
              "pending": false,
              "context": null,
              "code": "cy.urlWebSite('/outcomes');\ncy.pageTitle('Younited Credit');\ncy.wait(3000);\ncy.loyer_User(marier.situation_logement, marier.logement);\ncy.buttonClick('Suite');",
              "err": {},
              "uuid": "ae62040d-8aed-47aa-96aa-175dd9e447f9",
              "parentUUID": "5972da7f-97e6-491f-99c7-afc1a595b251",
              "isHook": false,
              "skipped": false
            },
            {
              "title": "Banque maried",
              "fullTitle": "Maried credit tests Banque maried",
              "timedOut": null,
              "duration": 1246,
              "state": "passed",
              "speed": "slow",
              "pass": true,
              "fail": false,
              "pending": false,
              "context": null,
              "code": "cy.urlWebSite('/bank');\ncy.pageTitle('Younited Credit');\ncy.banque_user(marier.banque);\ncy.buttonClick('Suite');",
              "err": {},
              "uuid": "9fa352a8-ec00-4ba7-8840-102b45174d75",
              "parentUUID": "5972da7f-97e6-491f-99c7-afc1a595b251",
              "isHook": false,
              "skipped": false
            },
            {
              "title": "Identité user",
              "fullTitle": "Maried credit tests Identité user",
              "timedOut": null,
              "duration": 3510,
              "state": "passed",
              "speed": "slow",
              "pass": true,
              "fail": false,
              "pending": false,
              "context": null,
              "code": "cy.urlWebSite('/identity');\ncy.pageTitle('Younited Credit');\ncy.identity_User_Celib(marier.identity);\ncy.buttonClick('Suite');",
              "err": {},
              "uuid": "1a41bc08-7572-4b88-88fd-c30e82002c3a",
              "parentUUID": "5972da7f-97e6-491f-99c7-afc1a595b251",
              "isHook": false,
              "skipped": false
            },
            {
              "title": "identity du partenaire",
              "fullTitle": "Maried credit tests identity du partenaire",
              "timedOut": null,
              "duration": 3171,
              "state": "passed",
              "speed": "slow",
              "pass": true,
              "fail": false,
              "pending": false,
              "context": null,
              "code": "cy.urlWebSite('/partneridentity');\ncy.pageTitle('Younited Credit');\ncy.identity_Partner(marier.partnerStatus, marier.identity_partenaire);\ncy.buttonClick('Suite');",
              "err": {},
              "uuid": "eee8731f-8645-4dd2-9ff8-54cc38456417",
              "parentUUID": "5972da7f-97e6-491f-99c7-afc1a595b251",
              "isHook": false,
              "skipped": false
            },
            {
              "title": "Contact",
              "fullTitle": "Maried credit tests Contact",
              "timedOut": null,
              "duration": 3057,
              "state": "passed",
              "speed": "slow",
              "pass": true,
              "fail": false,
              "pending": false,
              "context": null,
              "code": "cy.urlWebSite('/contact');\ncy.pageTitle('Younited Credit');\ncy.contact(marier.identity);\ncy.buttonClick('Suite');",
              "err": {},
              "uuid": "0801c4f5-a85c-4bea-915d-5ac1ee0088fa",
              "parentUUID": "5972da7f-97e6-491f-99c7-afc1a595b251",
              "isHook": false,
              "skipped": false
            }
          ],
          "suites": [],
          "passes": [
            "58ec82b6-ca30-4df6-ae93-02521b21ca78",
            "35e05721-6516-4276-9ed4-a1e886c76dbd",
            "2e0aa6fa-61e9-42f4-9f05-8c02c839b83c",
            "7cdbeda1-2912-4b73-859c-abef983b2ebf",
            "249fab32-dc6a-4bf2-b013-70489df95854",
            "8f113718-5435-4a6e-af08-f7485ae86bd6",
            "dbc7e814-e64c-44ea-a219-96d0ad76c20b",
            "ae62040d-8aed-47aa-96aa-175dd9e447f9",
            "9fa352a8-ec00-4ba7-8840-102b45174d75",
            "1a41bc08-7572-4b88-88fd-c30e82002c3a",
            "eee8731f-8645-4dd2-9ff8-54cc38456417",
            "0801c4f5-a85c-4bea-915d-5ac1ee0088fa"
          ],
          "failures": [],
          "pending": [],
          "skipped": [],
          "duration": 43896,
          "root": false,
          "rootEmpty": false,
          "_timeout": 2000
        }
      ],
      "passes": [],
      "failures": [],
      "pending": [],
      "skipped": [],
      "duration": 0,
      "root": true,
      "rootEmpty": true,
      "_timeout": 2000
    }
  ],
  "meta": {
    "mocha": {
      "version": "7.0.1"
    },
    "mochawesome": {
      "options": {
        "quiet": false,
        "reportFilename": "mochawesome",
        "saveHtml": false,
        "saveJson": true,
        "consoleReporter": "spec",
        "useInlineDiffs": false,
        "code": true
      },
      "version": "6.1.1"
    },
    "marge": {
      "options": {
        "reportDir": "cypress/results",
        "overwrite": false,
        "html": false,
        "json": true,
        "videos": false
      },
      "version": "5.1.0"
    }
  }
}