{
  "stats": {
    "suites": 1,
    "tests": 12,
    "passes": 12,
    "pending": 0,
    "failures": 0,
    "start": "2020-07-27T13:11:31.222Z",
    "end": "2020-07-27T13:12:19.350Z",
    "duration": 48128,
    "testsRegistered": 12,
    "passPercent": 100,
    "pendingPercent": 0,
    "other": 0,
    "hasOther": false,
    "skipped": 0,
    "hasSkipped": false
  },
  "results": [
    {
      "uuid": "c2d80f88-7546-4669-93e7-9c0688d29294",
      "title": "",
      "fullFile": "cypress\\integration\\examples\\Pacs.spec.js",
      "file": "cypress\\integration\\examples\\Pacs.spec.js",
      "beforeHooks": [],
      "afterHooks": [],
      "tests": [],
      "suites": [
        {
          "uuid": "ebdaee5e-0966-4c3e-a1e7-e7282683900e",
          "title": "Pacs credit tests",
          "fullFile": "",
          "file": "",
          "beforeHooks": [],
          "afterHooks": [],
          "tests": [
            {
              "title": "page d'accueil",
              "fullTitle": "Pacs credit tests page d'accueil",
              "timedOut": null,
              "duration": 8733,
              "state": "passed",
              "speed": "slow",
              "pass": true,
              "fail": false,
              "pending": false,
              "context": null,
              "code": "cy.choix_user(profile.projet);\ncy.buttonClick('CONTINUER');",
              "err": {},
              "uuid": "d1aafe2d-ff60-4d8a-8d98-83be9d143d76",
              "parentUUID": "ebdaee5e-0966-4c3e-a1e7-e7282683900e",
              "isHook": false,
              "skipped": false
            },
            {
              "title": "Email",
              "fullTitle": "Pacs credit tests Email",
              "timedOut": null,
              "duration": 12743,
              "state": "passed",
              "speed": "slow",
              "pass": true,
              "fail": false,
              "pending": false,
              "context": null,
              "code": "cy.urlWebSite('/email');\ncy.pageTitle('Younited Credit');\ncy.wait(3000);\ncy.emailUser(profile.identity);\ncy.get('div ').should('have.class', 'wrapper-input input-wrapper--valid');\ncy.buttonClick('Voir mon offre personnalisée');",
              "err": {},
              "uuid": "e12a6fa7-a098-4188-9db1-ff97299265f8",
              "parentUUID": "ebdaee5e-0966-4c3e-a1e7-e7282683900e",
              "isHook": false,
              "skipped": false
            },
            {
              "title": "Situation familiale",
              "fullTitle": "Pacs credit tests Situation familiale",
              "timedOut": null,
              "duration": 1300,
              "state": "passed",
              "speed": "slow",
              "pass": true,
              "fail": false,
              "pending": false,
              "context": null,
              "code": "cy.urlWebSite('/familysituation');\ncy.pageTitle('Younited Credit');\ncy.situation_familiale_user(profile.identity);\ncy.get('[type=\"checkbox\"]').uncheck({\n  force: true\n});\ncy.buttonClick('Suite');",
              "err": {},
              "uuid": "fcfd74a4-e560-4131-b372-39e649d2a1ce",
              "parentUUID": "ebdaee5e-0966-4c3e-a1e7-e7282683900e",
              "isHook": false,
              "skipped": false
            },
            {
              "title": "logement",
              "fullTitle": "Pacs credit tests logement",
              "timedOut": null,
              "duration": 1714,
              "state": "passed",
              "speed": "slow",
              "pass": true,
              "fail": false,
              "pending": false,
              "context": null,
              "code": "cy.urlWebSite('/housing');\ncy.pageTitle('Younited Credit');\ncy.situation_user(profile.logement);\ncy.get('[type=\"checkbox\"]').uncheck({\n  force: true\n});\ncy.buttonClick('Suite');",
              "err": {},
              "uuid": "e10fe6d5-20fc-4987-b178-61d78c45759a",
              "parentUUID": "ebdaee5e-0966-4c3e-a1e7-e7282683900e",
              "isHook": false,
              "skipped": false
            },
            {
              "title": "Situation profetionnelle",
              "fullTitle": "Pacs credit tests Situation profetionnelle",
              "timedOut": null,
              "duration": 1842,
              "state": "passed",
              "speed": "slow",
              "pass": true,
              "fail": false,
              "pending": false,
              "context": null,
              "code": "cy.urlWebSite('/professionalsituation');\ncy.pageTitle('Younited Credit');\ncy.activityCeliba(profile.activityStatus, profile.activity);\ncy.get('#ISCOMPANYBANKRUPT_FALSE').check({\n  force: true\n}).should('be.checked');\ncy.buttonClick('Suite');",
              "err": {},
              "uuid": "e55528e1-8244-42a3-97bb-d94f72b7889b",
              "parentUUID": "ebdaee5e-0966-4c3e-a1e7-e7282683900e",
              "isHook": false,
              "skipped": false
            },
            {
              "title": "Partner Activity Sector Test",
              "fullTitle": "Pacs credit tests Partner Activity Sector Test",
              "timedOut": null,
              "duration": 1758,
              "state": "passed",
              "speed": "slow",
              "pass": true,
              "fail": false,
              "pending": false,
              "context": null,
              "code": "cy.urlWebSite('/partnerprofession');\ncy.pageTitle('Younited Credit');\ncy.activite_conjoint_user(profile.activityStatus_partenaire, profile.activity_partenaire);\ncy.buttonClick('Suite');",
              "err": {},
              "uuid": "688a9ad5-4d4e-4037-bf17-b0cfcb606b13",
              "parentUUID": "ebdaee5e-0966-4c3e-a1e7-e7282683900e",
              "isHook": false,
              "skipped": false
            },
            {
              "title": "Revenu",
              "fullTitle": "Pacs credit tests Revenu",
              "timedOut": null,
              "duration": 1938,
              "state": "passed",
              "speed": "slow",
              "pass": true,
              "fail": false,
              "pending": false,
              "context": null,
              "code": "cy.urlWebSite('/incomes');\ncy.pageTitle('Younited Credit');\ncy.revenu_user({\n  \"isMariedOrPaced\": true\n}, profile.activity, profile.logement, profile.activity_partenaire);\ncy.buttonClick('Suite');",
              "err": {},
              "uuid": "2e2b6e52-c773-4b64-a708-3d792fac8e84",
              "parentUUID": "ebdaee5e-0966-4c3e-a1e7-e7282683900e",
              "isHook": false,
              "skipped": false
            },
            {
              "title": "loyer",
              "fullTitle": "Pacs credit tests loyer",
              "timedOut": null,
              "duration": 1944,
              "state": "passed",
              "speed": "slow",
              "pass": true,
              "fail": false,
              "pending": false,
              "context": null,
              "code": "cy.urlWebSite('/outcomes');\ncy.pageTitle('Younited Credit');\ncy.loyer_User(profile.situation_logement, profile.logement);\ncy.buttonClick('Suite');",
              "err": {},
              "uuid": "9afa2f65-7e02-4264-a84d-84d8374397ee",
              "parentUUID": "ebdaee5e-0966-4c3e-a1e7-e7282683900e",
              "isHook": false,
              "skipped": false
            },
            {
              "title": "Banque",
              "fullTitle": "Pacs credit tests Banque",
              "timedOut": null,
              "duration": 1843,
              "state": "passed",
              "speed": "slow",
              "pass": true,
              "fail": false,
              "pending": false,
              "context": null,
              "code": "cy.urlWebSite('/bank');\ncy.pageTitle('Younited Credit');\ncy.banque_user(profile.banque);\ncy.buttonClick('Suite');",
              "err": {},
              "uuid": "6be0ece5-f07c-4eb3-aa42-3aa92dc07408",
              "parentUUID": "ebdaee5e-0966-4c3e-a1e7-e7282683900e",
              "isHook": false,
              "skipped": false
            },
            {
              "title": "Identité user",
              "fullTitle": "Pacs credit tests Identité user",
              "timedOut": null,
              "duration": 3503,
              "state": "passed",
              "speed": "slow",
              "pass": true,
              "fail": false,
              "pending": false,
              "context": null,
              "code": "cy.urlWebSite('/identity');\ncy.pageTitle('Younited Credit');\ncy.identity_User_Celib(profile.identity);\ncy.buttonClick('Suite');",
              "err": {},
              "uuid": "261a978f-50ce-4b78-98d4-f66251abc17b",
              "parentUUID": "ebdaee5e-0966-4c3e-a1e7-e7282683900e",
              "isHook": false,
              "skipped": false
            },
            {
              "title": "identity du partenaire",
              "fullTitle": "Pacs credit tests identity du partenaire",
              "timedOut": null,
              "duration": 4225,
              "state": "passed",
              "speed": "slow",
              "pass": true,
              "fail": false,
              "pending": false,
              "context": null,
              "code": "cy.urlWebSite('/partneridentity');\ncy.pageTitle('Younited Credit');\ncy.identity_Partner(profile.partnerStatus, profile.identity_partenaire);\ncy.buttonClick('Suite');",
              "err": {},
              "uuid": "6f8d9dbf-e558-40e7-95bf-cb72011ce2b5",
              "parentUUID": "ebdaee5e-0966-4c3e-a1e7-e7282683900e",
              "isHook": false,
              "skipped": false
            },
            {
              "title": "Contact",
              "fullTitle": "Pacs credit tests Contact",
              "timedOut": null,
              "duration": 3085,
              "state": "passed",
              "speed": "slow",
              "pass": true,
              "fail": false,
              "pending": false,
              "context": null,
              "code": "cy.urlWebSite('/contact');\ncy.pageTitle('Younited Credit');\ncy.contact(profile.identity);\ncy.buttonClick('Suite');",
              "err": {},
              "uuid": "1101ada7-c56a-4d31-880c-b06565761031",
              "parentUUID": "ebdaee5e-0966-4c3e-a1e7-e7282683900e",
              "isHook": false,
              "skipped": false
            }
          ],
          "suites": [],
          "passes": [
            "d1aafe2d-ff60-4d8a-8d98-83be9d143d76",
            "e12a6fa7-a098-4188-9db1-ff97299265f8",
            "fcfd74a4-e560-4131-b372-39e649d2a1ce",
            "e10fe6d5-20fc-4987-b178-61d78c45759a",
            "e55528e1-8244-42a3-97bb-d94f72b7889b",
            "688a9ad5-4d4e-4037-bf17-b0cfcb606b13",
            "2e2b6e52-c773-4b64-a708-3d792fac8e84",
            "9afa2f65-7e02-4264-a84d-84d8374397ee",
            "6be0ece5-f07c-4eb3-aa42-3aa92dc07408",
            "261a978f-50ce-4b78-98d4-f66251abc17b",
            "6f8d9dbf-e558-40e7-95bf-cb72011ce2b5",
            "1101ada7-c56a-4d31-880c-b06565761031"
          ],
          "failures": [],
          "pending": [],
          "skipped": [],
          "duration": 44628,
          "root": false,
          "rootEmpty": false,
          "_timeout": 2000
        }
      ],
      "passes": [],
      "failures": [],
      "pending": [],
      "skipped": [],
      "duration": 0,
      "root": true,
      "rootEmpty": true,
      "_timeout": 2000
    }
  ],
  "meta": {
    "mocha": {
      "version": "7.0.1"
    },
    "mochawesome": {
      "options": {
        "quiet": false,
        "reportFilename": "mochawesome",
        "saveHtml": false,
        "saveJson": true,
        "consoleReporter": "spec",
        "useInlineDiffs": false,
        "code": true
      },
      "version": "6.1.1"
    },
    "marge": {
      "options": {
        "reportDir": "cypress/results",
        "overwrite": false,
        "html": false,
        "json": true,
        "videos": false
      },
      "version": "5.1.0"
    }
  }
}