{
  "stats": {
    "suites": 1,
    "tests": 10,
    "passes": 10,
    "pending": 0,
    "failures": 0,
    "start": "2020-07-27T13:09:25.573Z",
    "end": "2020-07-27T13:10:20.644Z",
    "duration": 55071,
    "testsRegistered": 10,
    "passPercent": 100,
    "pendingPercent": 0,
    "other": 0,
    "hasOther": false,
    "skipped": 0,
    "hasSkipped": false
  },
  "results": [
    {
      "uuid": "eb7e2b80-e08c-42a8-a464-b7bd2cdf43b7",
      "title": "",
      "fullFile": "cypress\\integration\\examples\\Celibataire.spec.js",
      "file": "cypress\\integration\\examples\\Celibataire.spec.js",
      "beforeHooks": [],
      "afterHooks": [],
      "tests": [],
      "suites": [
        {
          "uuid": "788aa61c-d2a3-4fa2-ad8b-07728fc6152e",
          "title": " titre ",
          "fullFile": "",
          "file": "",
          "beforeHooks": [],
          "afterHooks": [],
          "tests": [
            {
              "title": "page d'accueil",
              "fullTitle": " titre  page d'accueil",
              "timedOut": null,
              "duration": 15484,
              "state": "passed",
              "speed": "slow",
              "pass": true,
              "fail": false,
              "pending": false,
              "context": null,
              "code": "cy.choix_user(celib.projet);\ncy.wait(5000);\ncy.buttonClick('CONTINUER');",
              "err": {},
              "uuid": "3a0abcad-9e1f-4b31-b03b-7dcf932de5e0",
              "parentUUID": "788aa61c-d2a3-4fa2-ad8b-07728fc6152e",
              "isHook": false,
              "skipped": false
            },
            {
              "title": "Email",
              "fullTitle": " titre  Email",
              "timedOut": null,
              "duration": 19519,
              "state": "passed",
              "speed": "slow",
              "pass": true,
              "fail": false,
              "pending": false,
              "context": null,
              "code": "cy.urlWebSite('/email');\ncy.pageTitle('Younited Credit');\ncy.wait(3000);\ncy.emailUser(celib.identity);\ncy.get('div').should('have.class', 'wrapper-input input-wrapper--valid');\ncy.wait(5000);\ncy.buttonClick('Voir mon offre personnalisée');",
              "err": {},
              "uuid": "1e82d8c5-a203-4c7c-9e42-a4e43fe25f84",
              "parentUUID": "788aa61c-d2a3-4fa2-ad8b-07728fc6152e",
              "isHook": false,
              "skipped": false
            },
            {
              "title": "Situation familiale",
              "fullTitle": " titre  Situation familiale",
              "timedOut": null,
              "duration": 1259,
              "state": "passed",
              "speed": "slow",
              "pass": true,
              "fail": false,
              "pending": false,
              "context": null,
              "code": "cy.urlWebSite('/familysituation');\ncy.pageTitle('Younited Credit');\ncy.situation_familiale_user(celib.identity);\ncy.get('[type=\"checkbox\"]').uncheck({\n  force: true\n});\ncy.buttonClick('Suite');",
              "err": {},
              "uuid": "88b819df-3242-45da-b62c-f6d5df2c0954",
              "parentUUID": "788aa61c-d2a3-4fa2-ad8b-07728fc6152e",
              "isHook": false,
              "skipped": false
            },
            {
              "title": "logement",
              "fullTitle": " titre  logement",
              "timedOut": null,
              "duration": 1836,
              "state": "passed",
              "speed": "slow",
              "pass": true,
              "fail": false,
              "pending": false,
              "context": null,
              "code": "cy.urlWebSite('/housing');\ncy.pageTitle('Younited Credit');\ncy.situation_user(celib.logement);\ncy.get('[type=\"checkbox\"]').uncheck({\n  force: true\n});\ncy.buttonClick('Suite');",
              "err": {},
              "uuid": "628830db-9269-4305-8462-02d013b85745",
              "parentUUID": "788aa61c-d2a3-4fa2-ad8b-07728fc6152e",
              "isHook": false,
              "skipped": false
            },
            {
              "title": "Situation profetionnelle",
              "fullTitle": " titre  Situation profetionnelle",
              "timedOut": null,
              "duration": 1839,
              "state": "passed",
              "speed": "slow",
              "pass": true,
              "fail": false,
              "pending": false,
              "context": null,
              "code": "cy.urlWebSite('/professionalsituation');\ncy.pageTitle('Younited Credit');\ncy.activityCeliba(celib.activityStatus, celib.activity);\ncy.get('#ISCOMPANYBANKRUPT_FALSE').check({\n  force: true\n}).should('be.checked');\ncy.buttonClick('Suite');",
              "err": {},
              "uuid": "876c5e7d-49c5-488d-b4f6-78f31fbdf8e1",
              "parentUUID": "788aa61c-d2a3-4fa2-ad8b-07728fc6152e",
              "isHook": false,
              "skipped": false
            },
            {
              "title": "Revenu",
              "fullTitle": " titre  Revenu",
              "timedOut": null,
              "duration": 1495,
              "state": "passed",
              "speed": "slow",
              "pass": true,
              "fail": false,
              "pending": false,
              "context": null,
              "code": "cy.urlWebSite('/incomes');\ncy.pageTitle('Younited Credit');\ncy.revenu_user(celib.mariedStatus, celib.activity, celib.logement, celib.partnerActivity);\ncy.buttonClick('Suite');",
              "err": {},
              "uuid": "713382b5-0441-499c-945c-644d7f4680fe",
              "parentUUID": "788aa61c-d2a3-4fa2-ad8b-07728fc6152e",
              "isHook": false,
              "skipped": false
            },
            {
              "title": "loyer",
              "fullTitle": " titre  loyer",
              "timedOut": null,
              "duration": 1811,
              "state": "passed",
              "speed": "slow",
              "pass": true,
              "fail": false,
              "pending": false,
              "context": null,
              "code": "cy.urlWebSite('/outcomes');\ncy.pageTitle('Younited Credit');\ncy.loyer_User(celib.situation_logement, celib.logement);\ncy.buttonClick('Suite');",
              "err": {},
              "uuid": "83eedbc1-ef01-4bc4-8508-dfe4d75a9283",
              "parentUUID": "788aa61c-d2a3-4fa2-ad8b-07728fc6152e",
              "isHook": false,
              "skipped": false
            },
            {
              "title": "Banque celibataire",
              "fullTitle": " titre  Banque celibataire",
              "timedOut": null,
              "duration": 1539,
              "state": "passed",
              "speed": "slow",
              "pass": true,
              "fail": false,
              "pending": false,
              "context": null,
              "code": "cy.urlWebSite('/bank');\ncy.pageTitle('Younited Credit');\ncy.banque_user(celib.banque);\ncy.buttonClick('Suite');",
              "err": {},
              "uuid": "41a52f55-3c4d-4bc0-a4ad-24d106cde18b",
              "parentUUID": "788aa61c-d2a3-4fa2-ad8b-07728fc6152e",
              "isHook": false,
              "skipped": false
            },
            {
              "title": "Identité user celibataire",
              "fullTitle": " titre  Identité user celibataire",
              "timedOut": null,
              "duration": 4280,
              "state": "passed",
              "speed": "slow",
              "pass": true,
              "fail": false,
              "pending": false,
              "context": null,
              "code": "cy.urlWebSite('/identity');\ncy.pageTitle('Younited Credit');\ncy.identity_User_Celib(celib.identity);\ncy.buttonClick('Suite');",
              "err": {},
              "uuid": "06c42b16-da3f-4806-ba82-91ea91233fac",
              "parentUUID": "788aa61c-d2a3-4fa2-ad8b-07728fc6152e",
              "isHook": false,
              "skipped": false
            },
            {
              "title": "Contact",
              "fullTitle": " titre  Contact",
              "timedOut": null,
              "duration": 3041,
              "state": "passed",
              "speed": "slow",
              "pass": true,
              "fail": false,
              "pending": false,
              "context": null,
              "code": "cy.urlWebSite('/contact');\ncy.pageTitle('Younited Credit');\ncy.contact(celib.identity);\ncy.buttonClick('Suite');",
              "err": {},
              "uuid": "517d234b-d9c7-4141-af60-a32e5c7e6933",
              "parentUUID": "788aa61c-d2a3-4fa2-ad8b-07728fc6152e",
              "isHook": false,
              "skipped": false
            }
          ],
          "suites": [],
          "passes": [
            "3a0abcad-9e1f-4b31-b03b-7dcf932de5e0",
            "1e82d8c5-a203-4c7c-9e42-a4e43fe25f84",
            "88b819df-3242-45da-b62c-f6d5df2c0954",
            "628830db-9269-4305-8462-02d013b85745",
            "876c5e7d-49c5-488d-b4f6-78f31fbdf8e1",
            "713382b5-0441-499c-945c-644d7f4680fe",
            "83eedbc1-ef01-4bc4-8508-dfe4d75a9283",
            "41a52f55-3c4d-4bc0-a4ad-24d106cde18b",
            "06c42b16-da3f-4806-ba82-91ea91233fac",
            "517d234b-d9c7-4141-af60-a32e5c7e6933"
          ],
          "failures": [],
          "pending": [],
          "skipped": [],
          "duration": 52103,
          "root": false,
          "rootEmpty": false,
          "_timeout": 2000
        }
      ],
      "passes": [],
      "failures": [],
      "pending": [],
      "skipped": [],
      "duration": 0,
      "root": true,
      "rootEmpty": true,
      "_timeout": 2000
    }
  ],
  "meta": {
    "mocha": {
      "version": "7.0.1"
    },
    "mochawesome": {
      "options": {
        "quiet": false,
        "reportFilename": "mochawesome",
        "saveHtml": false,
        "saveJson": true,
        "consoleReporter": "spec",
        "useInlineDiffs": false,
        "code": true
      },
      "version": "6.1.1"
    },
    "marge": {
      "options": {
        "reportDir": "cypress/results",
        "overwrite": false,
        "html": false,
        "json": true,
        "videos": false
      },
      "version": "5.1.0"
    }
  }
}